File created at:Jul 12 2020---17:13:34
Fixed stats by years
****** Year:2010 ******
Male--Average Age:45.2--Precent:40
Female--Average Age:42.5--Precent:40
Other---Precent:20
***********************

****** Year:2011 ******
Male--Average Age:45.3--Precent:80
Female--Average Age:42.8--Precent:20
Other---Precent:0
***********************

****** Year:2012 ******
Male--Average Age:45.6--Precent:15.5
Female--Average Age:43.1--Precent:24.5
Other---Precent:60
***********************

****** Year:2013 ******
Male--Average Age:46.3--Precent:20
Female--Average Age:43.8--Precent:50
Other---Precent:30
***********************

****** Year:2014 ******
Male--Average Age:46.7--Precent:40
Female--Average Age:44.2--Precent:10
Other---Precent:50
***********************

****** Year:2015 ******
Male--Average Age:46.5--Precent:34
Female--Average Age:44.2--Precent:56
Other---Precent:10
***********************

****** Year:2016 ******
Male--Average Age:46.8--Precent:12
Female--Average Age:44.4--Precent:34
Other---Precent:54
***********************

****** Year:2017 ******
Male--Average Age:47--Precent:10
Female--Average Age:44.5--Precent:21
Other---Precent:69
***********************

****** Year:2018 ******
Male--Average Age:46.8--Precent:50
Female--Average Age:44.4--Precent:25
Other---Precent:25
***********************

****** Year:2019 ******
Male--Average Age:47--Precent:13
Female--Average Age:44.4--Precent:14
Other---Precent:73
***********************

