 *2021-03-21 18:55:37,894
 *INFO
 *Winner:Tie Game 

 *2021-03-21 18:55:48,511
 *INFO
 *Winner:Tie Game 

 *2021-03-21 18:55:50,205
 *INFO
 *Winner:Player wins 

 *2021-03-21 18:55:51,541
 *INFO
 *Winner:Computer wins 

 *2021-03-21 18:55:53,206
 *INFO
 *Winner:Player wins 

 *2021-03-21 18:55:54,805
 *INFO
 *Winner:Computer wins 

 *2021-03-21 18:55:56,070
 *INFO
 *Winner:Player wins 

 *2021-03-21 18:55:57,989
 *INFO
 *Winner:Computer wins 

 *2021-03-21 18:56:10,732
 *INFO
 *<b style="color:black; font-size:17px;">Player:3</b><br>
        <b style="color:black; font-size:17px;">Computer:3</b><br><br> 

 *2021-03-21 18:56:21,590
 *INFO
 *Winner:Tie Game 

 *2021-03-21 18:56:27,526
 *INFO
 *Winner:Tie Game 

 *2021-03-21 18:56:28,881
 *INFO
 *Winner:Computer wins 

 *2021-03-21 18:56:30,846
 *INFO
 *Winner:Computer wins 

 *2021-03-21 18:56:33,614
 *INFO
 *Winner:Computer wins 

